
Rueckmeldung bei einricht libcurl-devel:
Loading repository data...
Reading installed packages...
Forcing installation of 'libcurl-devel-7.37.0-23.1.x86_64' from repository 'Hauptaktualisierungs-Repository'.
Resolving package dependencies...

The following NEW package is going to be installed:
  libcurl-devel

1 new package to install.
Overall download size: 0 B. Already cached: 225.7 KiB. After the operation, additional 357.2 KiB will be used.
Continue? [y/n/...? shows all options] (y): y
In cache libcurl-devel-7.37.0-23.1.x86_64.rpm (1/1), 225.7 KiB (357.2 KiB unpacked)
Checking for file conflicts: [...done]
(1/1) Installing: libcurl-devel-7.37.0-23.1.x86_64 [...........done]
IP: ' libcurl-devel'

Rueckmeldung bei einricht boost-devel:
Repository-Daten werden geladen...
Installierte Pakete werden gelesen...
IP: ''

Rueckmeldung bei einricht boost-devel:
Repository-Daten werden geladen...
Installierte Pakete werden gelesen...
IP: ''

Rueckmeldung bei einricht boost-devel:
Repository-Daten werden geladen...
Installierte Pakete werden gelesen...
IP: ''

Rueckmeldung bei einricht boost-devel:
Repository-Daten werden geladen...
Installierte Pakete werden gelesen...
IP: ''

Rueckmeldung bei einricht boost-devel:
Repository-Daten werden geladen...
Installierte Pakete werden gelesen...
IP: ''

Rueckmeldung bei einricht boost_1_65-devel:
Repository-Daten werden geladen...
Installierte Pakete werden gelesen...
Installation von 'boost_1_65-devel-1.65.1-2.1.x86_64' aus Repository 'openSUSE-20171205-0' wird erzwungen.
Paketabhängigkeiten werden aufgelöst...

Das folgende NEUE Paket wird installiert:
  boost_1_65-devel

1 neues Paket zu installieren.
Gesamtgröße des Downloads: 33,1 KiB. Bereits im Cache gespeichert: 0 B. Nach der Operation werden zusätzlich 183,0 B belegt.
Fortfahren? [j/n/...? zeigt alle Optionen] (j): j
Paket boost_1_65-devel-1.65.1-2.1.x86_64 abrufen (1/1),  33,1 KiB (  183   B entpackt)
Überprüfung auf Dateikonflikte läuft: [...fertig]
(1/1) Installieren: boost_1_65-devel-1.65.1-2.1.x86_64 [....fertig]
IP: ''

Rueckmeldung bei einricht global:
Repository-Daten werden geladen...
Installierte Pakete werden gelesen...
Installation von 'global-6.6.1-1.1.x86_64' aus Repository 'Haupt-Repository (OSS)' wird erzwungen.
Paketabhängigkeiten werden aufgelöst...

Die folgenden 3 NEUEN Pakete werden installiert:
  global idutils idutils-lang

Die folgenden 2 empfohlenen Pakete wurden automatisch gewählt:
  idutils idutils-lang

3 neue Pakete zu installieren.
Gesamtgröße des Downloads: 1,0 MiB. Bereits im Cache gespeichert: 0 B. Nach der Operation werden zusätzlich 5,3 MiB belegt.
Fortfahren? [j/n/...? zeigt alle Optionen] (j): j
Paket idutils-4.6-2.8.x86_64 abrufen (1/3), 143,4 KiB (895,9 KiB entpackt)
Abrufen: idutils-4.6-2.8.x86_64.rpm [.fertig (714,3 KiB/s)]
Paket idutils-lang-4.6-2.8.noarch abrufen (2/3),  53,4 KiB (285,8 KiB entpackt)
Abrufen: idutils-lang-4.6-2.8.noarch.rpm [fertig]
Paket global-6.6.1-1.1.x86_64 abrufen (3/3), 846,2 KiB (  4,1 MiB entpackt)
Abrufen: global-6.6.1-1.1.x86_64.rpm [.fertig (1,1 MiB/s)]
Überprüfung auf Dateikonflikte läuft: [..........fertig]
(1/3) Installieren: idutils-4.6-2.8.x86_64 [............fertig]
(2/3) Installieren: idutils-lang-4.6-2.8.noarch [..........fertig]
(3/3) Installieren: global-6.6.1-1.1.x86_64 [............fertig]
IP: ''
